/*C3*/SET SCHEMA PUBLIC
DELETE FROM BARANG WHERE ID=6
COMMIT
DELETE FROM BARANG WHERE ID=8
COMMIT
DELETE FROM BARANG WHERE ID=10
COMMIT
DELETE FROM BARANG WHERE ID=1
COMMIT
DELETE FROM BARANG WHERE ID=5
COMMIT
DELETE FROM BARANG WHERE ID=9
COMMIT
DELETE FROM BARANG WHERE ID=4
COMMIT
INSERT INTO BARANG VALUES(11,'dfdsf',53,8,22)
COMMIT
INSERT INTO BARANG VALUES(12,'fgfg',53,8,22)
COMMIT
INSERT INTO BARANG VALUES(13,'fgfgfgfgfg',53,8,22)
COMMIT
INSERT INTO BARANG VALUES(14,'ghgfhgfh',53,8,22)
COMMIT
INSERT INTO BARANG VALUES(15,'h',53,8,22)
COMMIT
INSERT INTO BARANG VALUES(16,'fgfgf',53,8,22)
COMMIT
INSERT INTO BARANG VALUES(17,'fgfhfdhf',53,8,22)
COMMIT
INSERT INTO BARANG VALUES(18,'fgfghdfsdgvxg',53,8,22)
COMMIT
INSERT INTO BARANG VALUES(19,'fgfgfgf',53,8,22)
COMMIT
INSERT INTO BARANG VALUES(20,'hghfgfg',53,8,22)
COMMIT
INSERT INTO BARANG VALUES(21,'fgfgfgfgf',53,8,22)
COMMIT
INSERT INTO BARANG VALUES(22,'fgfhddffg',53,8,22)
COMMIT
INSERT INTO BARANG VALUES(23,'fgfhghfg',53,8,22)
COMMIT
INSERT INTO BARANG VALUES(24,'fnvbcvf',53,8,22)
COMMIT
INSERT INTO BARANG VALUES(25,'fhfgfgh',53,8,22)
COMMIT
DELETE FROM BARANG WHERE ID=17
COMMIT
DELETE FROM BARANG WHERE ID=23
COMMIT
DELETE FROM BARANG WHERE ID=22
COMMIT
